41c4015
Author: Alejandro <alejandrogrageragarces@gmail.com>
Date:   Sun Jun 28 22:46:09 2026

    Final edits
commit 83f96dc
Author: Alejandro <alejandrogrageragarces@gmail.com>
Date:   Sun Jun 28 22:01:38 2026

    CSS Style configuration + README

0438ec2
Author: Alejandro <alejandrogrageragarces@gmail.com>
Date:   Sun Jun 28 15:59:06 2026

    First Complete Draft for Web Page

52eed23
Author: Alejandro <alejandrogrageragarces@gmail.com>
Date:   Sun Jun 28 15:18:53 2026

    fce Template completed

459ffb6
Author: Alejandro <alejandrogrageragarces@gmail.com>
Date:   Sun Jun 28 10:53:27 2026

    Identation mistakes and menu errors

3288bed
Author: Alejandro <alejandrogrageragarces@gmail.com>
Date:   Sun Jun 28 10:32:44 2026

    about page template + Fotos + CV

4d08889
Author: Alejandro <alejandrogrageragarces@gmail.com>
Date:   Sun Jun 28 10:12:56 2026

    Fixing menu mistake of topic page

405864b
Author: Alejandro <alejandrogrageragarces@gmail.com>
Date:   Sun Jun 28 09:46:33 2026

    Topic page with Images

3ca43b8
Author: Alejandro <alejandrogrageragarces@gmail.com>
Date:   Sun Jun 28 09:12:22 2026

    Template for Topic without yet implementing the IMAGES

c90344c
Author: Alejandro <alejandrogrageragarces@gmail.com>
Date:   Sun Jun 28 07:34:47 2026

    Template for partner's webpages, will edit with CSS implementation

c200316
Author: Alejandro <alejandrogrageragarces@gmail.com>
Date:   Sun Jun 28 06:49:02 2026

    Displaying Contact Information

6e6d43f
Author: Alejandro <alejandrogrageragarces@gmail.com>
Date:   Sun Jun 28 06:14:45 2026

    correcting mistakes of degree page

a7d927b
Author: Alejandro <alejandrogrageragarces@gmail.com>
Date:   Sun Jun 28 05:26:51 2026

    Included info of degree

12df4b2
Author: Alejandro <alejandrogrageragarces@gmail.com>
Date:   Sun Jun 28 03:08:06 2026

    Base folder's extracted from draft

a74232a
Author: Alejandro <alejandrogrageragarces@gmail.com>
Date:   Sat Jun 27 2026

    Initial commit